<?xml version="1.0" encoding="UTF-8"?>
<!-- Generated by org.testng.reporters.JUnitReportReporter -->
<testsuite hostname="DESKTOP-24V4U9R" failures="0" tests="1" name="tests.DespegarCiclo" time="55.158" errors="0" timestamp="2022-03-03T21:38:56 ART" skipped="0">
  <testcase classname="tests.DespegarCiclo" name="validarBotonesConCiclo" time="55.158"/>
  <system-out/>
</testsuite> <!-- tests.DespegarCiclo -->
