<?xml version="1.0" encoding="UTF-8"?>
<!-- Generated by org.testng.reporters.JUnitReportReporter -->
<testsuite hostname="DESKTOP-24V4U9R" failures="0" tests="1" name="tests.DespegarLista" time="34.877" errors="0" timestamp="2022-03-03T21:56:54 ART" skipped="0">
  <testcase classname="tests.DespegarLista" name="validarBotonesConCiclo" time="34.877"/>
  <system-out/>
</testsuite> <!-- tests.DespegarLista -->
