<?xml version="1.0" encoding="UTF-8"?>
<!-- Generated by org.testng.reporters.JUnitReportReporter -->
<testsuite hostname="DESKTOP-24V4U9R" failures="0" tests="1" name="tests.WikiTests1" time="26.872" errors="0" timestamp="2022-02-22T09:29:09 ART" skipped="0">
  <testcase classname="tests.WikiTests1" name="ValidarBusquedaWikipedia" time="26.872"/>
  <system-out/>
</testsuite> <!-- tests.WikiTests1 -->
